<?xml version="1.0" encoding="UTF-8"?>
<testsuites>
  <testsuite name="/app/tests/Station15" tests="5" assertions="5" errors="0" warnings="0" failures="0" skipped="0" time="0.496287">
    <testsuite name="Tests\Station15\Question\CalculatorTest" file="/app/tests/Station15/Question/CalculatorTest.php" tests="3" assertions="3" errors="0" warnings="0" failures="0" skipped="0" time="0.484128">
      <testcase name="かけられる数の配列が空の場合はfalseを返す" class="Tests\Station15\Question\CalculatorTest" classname="Tests.Station15.Question.CalculatorTest" file="/app/tests/Station15/Question/CalculatorTest.php" line="25" assertions="1" time="0.452649"/>
      <testsuite name="Tests\Station15\Question\CalculatorTest::かけられる値を出力する" tests="2" assertions="2" errors="0" warnings="0" failures="0" skipped="0" time="0.031479">
        <testcase name="かけられる値を出力する with data set &quot;かけられる数が 1 個&quot;" class="Tests\Station15\Question\CalculatorTest" classname="Tests.Station15.Question.CalculatorTest" file="/app/tests/Station15/Question/CalculatorTest.php" line="36" assertions="1" time="0.031441">
          <system-out>Array
(
    [0] =&gt; 2
)
</system-out>
        </testcase>
        <testcase name="かけられる値を出力する with data set &quot;かけられる数が 2 個&quot;" class="Tests\Station15\Question\CalculatorTest" classname="Tests.Station15.Question.CalculatorTest" file="/app/tests/Station15/Question/CalculatorTest.php" line="36" assertions="1" time="0.000039">
          <system-out>Array
(
    [0] =&gt; 2
    [1] =&gt; 4
)
</system-out>
        </testcase>
      </testsuite>
    </testsuite>
    <testsuite name="Tests\Station15\Question\QuestionTest" file="/app/tests/Station15/Question/QuestionTest.php" tests="2" assertions="2" errors="0" warnings="0" failures="0" skipped="0" time="0.012159">
      <testsuite name="Tests\Station15\Question\QuestionTest::_1から3までの数値をN倍した整数の値を出力する" tests="2" assertions="2" errors="0" warnings="0" failures="0" skipped="0" time="0.012159">
        <testcase name="_1から3までの数値をN倍した整数の値を出力する with data set &quot;かける数=2&quot;" class="Tests\Station15\Question\QuestionTest" classname="Tests.Station15.Question.QuestionTest" file="/app/tests/Station15/Question/QuestionTest.php" line="17" assertions="1" time="0.012131">
          <system-out>Array
(
    [0] =&gt; 2
    [1] =&gt; 4
    [2] =&gt; 6
)
</system-out>
        </testcase>
        <testcase name="_1から3までの数値をN倍した整数の値を出力する with data set &quot;かける数=3&quot;" class="Tests\Station15\Question\QuestionTest" classname="Tests.Station15.Question.QuestionTest" file="/app/tests/Station15/Question/QuestionTest.php" line="17" assertions="1" time="0.000028">
          <system-out>Array
(
    [0] =&gt; 3
    [1] =&gt; 6
    [2] =&gt; 9
)
</system-out>
        </testcase>
      </testsuite>
    </testsuite>
  </testsuite>
</testsuites>
