<?xml version="1.0" encoding="UTF-8"?>
<testsuites>
  <testsuite name="/app/tests/Station18" tests="4" assertions="4" errors="0" warnings="0" failures="0" skipped="0" time="4.919198">
    <testsuite name="Tests\Station18\Question\QuestionTest" file="/app/tests/Station18/Question/QuestionTest.php" tests="4" assertions="4" errors="0" warnings="0" failures="0" skipped="0" time="4.919198">
      <testcase name="getArray関数内の配列の宣言がshortである" class="Tests\Station18\Question\QuestionTest" classname="Tests.Station18.Question.QuestionTest" file="/app/tests/Station18/Question/QuestionTest.php" line="21" assertions="1" time="0.589560"/>
      <testcase name="関数の順序が正しくならんでいる" class="Tests\Station18\Question\QuestionTest" classname="Tests.Station18.Question.QuestionTest" file="/app/tests/Station18/Question/QuestionTest.php" line="31" assertions="1" time="0.024532"/>
      <testcase name="elseが使用されていないこと" class="Tests\Station18\Question\QuestionTest" classname="Tests.Station18.Question.QuestionTest" file="/app/tests/Station18/Question/QuestionTest.php" line="45" assertions="1" time="0.014781"/>
      <testcase name="php_cs_fixerの結果確認" class="Tests\Station18\Question\QuestionTest" classname="Tests.Station18.Question.QuestionTest" file="/app/tests/Station18/Question/QuestionTest.php" line="55" assertions="1" time="4.290325"/>
    </testsuite>
  </testsuite>
</testsuites>
